c:\users\darren\source\repos\windowsperformancemonitor\windowsperformancemonitor.cpp\debug\vc142.pdb
c:\users\darren\source\repos\windowsperformancemonitor\windowsperformancemonitor.cpp\debug\vc142.idb
c:\users\darren\source\repos\windowsperformancemonitor\windowsperformancemonitor.cpp\debug\logic.obj
c:\users\darren\source\repos\windowsperformancemonitor\windowsperformancemonitor.cpp\debug\windowsperformancemonitor.cpp.pdb
c:\users\darren\source\repos\windowsperformancemonitor\windowsperformancemonitor.cpp\debug\windowsperformancemonitor.cpp.idb
c:\users\darren\source\repos\windowsperformancemonitor\debug\windowsperformancemonitor.cpp.lib
c:\users\darren\source\repos\windowsperformancemonitor\debug\windowsperformancemonitor.cpp.ilk
c:\users\darren\source\repos\windowsperformancemonitor\debug\windowsperformancemonitor.cpp.dll
c:\users\darren\source\repos\windowsperformancemonitor\debug\windowsperformancemonitor.cpp.pdb
c:\users\darren\source\repos\windowsperformancemonitor\debug\windowsperformancemonitor.cpp.exp
e:\downloads\windowspreformancemonitor-master (2)\windowspreformancemonitor-master\windowsperformancemonitor.cpp\debug\windowsp.62ee9978.tlog\cl.command.1.tlog
e:\downloads\windowspreformancemonitor-master (2)\windowspreformancemonitor-master\windowsperformancemonitor.cpp\debug\windowsp.62ee9978.tlog\cl.read.1.tlog
e:\downloads\windowspreformancemonitor-master (2)\windowspreformancemonitor-master\windowsperformancemonitor.cpp\debug\windowsp.62ee9978.tlog\cl.write.1.tlog
e:\downloads\windowspreformancemonitor-master (2)\windowspreformancemonitor-master\windowsperformancemonitor.cpp\debug\windowsp.62ee9978.tlog\lib-link.read.1.tlog
e:\downloads\windowspreformancemonitor-master (2)\windowspreformancemonitor-master\windowsperformancemonitor.cpp\debug\windowsp.62ee9978.tlog\lib-link.write.1.tlog
e:\downloads\windowspreformancemonitor-master (2)\windowspreformancemonitor-master\windowsperformancemonitor.cpp\debug\windowsp.62ee9978.tlog\lib.command.1.tlog
e:\downloads\windowspreformancemonitor-master (2)\windowspreformancemonitor-master\windowsperformancemonitor.cpp\debug\windowsp.62ee9978.tlog\link.command.1.tlog
e:\downloads\windowspreformancemonitor-master (2)\windowspreformancemonitor-master\windowsperformancemonitor.cpp\debug\windowsp.62ee9978.tlog\link.read.1.tlog
e:\downloads\windowspreformancemonitor-master (2)\windowspreformancemonitor-master\windowsperformancemonitor.cpp\debug\windowsp.62ee9978.tlog\link.write.1.tlog
e:\downloads\windowspreformancemonitor-master (2)\windowspreformancemonitor-master\windowsperformancemonitor.cpp\debug\windowsp.62ee9978.tlog\windowsperformancemonitor.cpp.write.1u.tlog
