e:\downloads\windowspreformancemonitor-master (2)\windowspreformancemonitor-master\windowsperformancemonitor.cpp.wrapper\debug\windowsperformancemonitor.cpp.wrapper.pch
e:\downloads\windowspreformancemonitor-master (2)\windowspreformancemonitor-master\windowsperformancemonitor.cpp.wrapper\debug\vc142.pdb
e:\downloads\windowspreformancemonitor-master (2)\windowspreformancemonitor-master\windowsperformancemonitor.cpp.wrapper\debug\pch.obj
e:\downloads\windowspreformancemonitor-master (2)\windowspreformancemonitor-master\windowsperformancemonitor.cpp.wrapper\debug\logic.obj
e:\downloads\windowspreformancemonitor-master (2)\windowspreformancemonitor-master\windowsperformancemonitor.cpp.wrapper\debug\assemblyinfo.obj
e:\downloads\windowspreformancemonitor-master (2)\windowspreformancemonitor-master\windowsperformancemonitor.cpp.wrapper\debug\.netframework,version=v4.7.2.assemblyattributes.obj
e:\downloads\windowspreformancemonitor-master (2)\windowspreformancemonitor-master\windowsperformancemonitor.cpp.wrapper\debug\.netframework,version=v4.7.2.assemblyattributes.asm
c:\users\darren\source\repos\windowsperformancemonitor\windowsperformancemonitor.cpp.wrapper\debug\windowsperformancemonitor.cpp.wrapper.pch
c:\users\darren\source\repos\windowsperformancemonitor\windowsperformancemonitor.cpp.wrapper\debug\vc142.pdb
c:\users\darren\source\repos\windowsperformancemonitor\windowsperformancemonitor.cpp.wrapper\debug\pch.obj
c:\users\darren\source\repos\windowsperformancemonitor\windowsperformancemonitor.cpp.wrapper\debug\logic.obj
c:\users\darren\source\repos\windowsperformancemonitor\windowsperformancemonitor.cpp.wrapper\debug\assemblyinfo.obj
e:\downloads\windowspreformancemonitor-master (2)\windowspreformancemonitor-master\debug\windowsperformancemonitor.cpp.wrapper.dll
e:\downloads\windowspreformancemonitor-master (2)\windowspreformancemonitor-master\debug\windowsperformancemonitor.cpp.wrapper.pdb
c:\users\darren\source\repos\windowsperformancemonitor\debug\windowsperformancemonitor.cpp.wrapper.dll
c:\users\darren\source\repos\windowsperformancemonitor\debug\windowsperformancemonitor.cpp.wrapper.pdb
e:\downloads\windowspreformancemonitor-master (2)\windowspreformancemonitor-master\windowsperformancemonitor.cpp.wrapper\debug\app.res
c:\users\darren\source\repos\windowsperformancemonitor\windowsperformancemonitor.cpp.wrapper\debug\app.res
e:\downloads\windowspreformancemonitor-master (2)\windowspreformancemonitor-master\debug\windowsperformancemonitor.cpp.wrapper.lib
e:\downloads\windowspreformancemonitor-master (2)\windowspreformancemonitor-master\debug\windowsperformancemonitor.cpp.wrapper.exp
c:\users\darren\source\repos\windowsperformancemonitor\debug\windowsperformancemonitor.cpp.wrapper.lib
c:\users\darren\source\repos\windowsperformancemonitor\debug\windowsperformancemonitor.cpp.wrapper.exp
c:\users\darren\source\repos\windowsperformancemonitor\windowsperformancemonitor.cpp.wrapper\debug\windowsperformancemonitor.cpp.wrapper.vcxprojassemblyreference.cache
c:\users\darren\source\repos\windowsperformancemonitor\windowsperformancemonitor.cpp.wrapper\debug\.netframework,version=v4.7.2.assemblyattributes.obj
c:\users\darren\source\repos\windowsperformancemonitor\windowsperformancemonitor.cpp.wrapper\debug\windowsp.8496ce5d.tlog\cl.command.1.tlog
c:\users\darren\source\repos\windowsperformancemonitor\windowsperformancemonitor.cpp.wrapper\debug\windowsp.8496ce5d.tlog\cl.read.1.tlog
c:\users\darren\source\repos\windowsperformancemonitor\windowsperformancemonitor.cpp.wrapper\debug\windowsp.8496ce5d.tlog\cl.write.1.tlog
c:\users\darren\source\repos\windowsperformancemonitor\windowsperformancemonitor.cpp.wrapper\debug\windowsp.8496ce5d.tlog\link.11212.delete.1.tlog
c:\users\darren\source\repos\windowsperformancemonitor\windowsperformancemonitor.cpp.wrapper\debug\windowsp.8496ce5d.tlog\link.11492.delete.1.tlog
c:\users\darren\source\repos\windowsperformancemonitor\windowsperformancemonitor.cpp.wrapper\debug\windowsp.8496ce5d.tlog\link.4120.delete.1.tlog
c:\users\darren\source\repos\windowsperformancemonitor\windowsperformancemonitor.cpp.wrapper\debug\windowsp.8496ce5d.tlog\link.command.1.tlog
c:\users\darren\source\repos\windowsperformancemonitor\windowsperformancemonitor.cpp.wrapper\debug\windowsp.8496ce5d.tlog\link.read.1.tlog
c:\users\darren\source\repos\windowsperformancemonitor\windowsperformancemonitor.cpp.wrapper\debug\windowsp.8496ce5d.tlog\link.write.1.tlog
c:\users\darren\source\repos\windowsperformancemonitor\windowsperformancemonitor.cpp.wrapper\debug\windowsp.8496ce5d.tlog\metagen.read.1.tlog
c:\users\darren\source\repos\windowsperformancemonitor\windowsperformancemonitor.cpp.wrapper\debug\windowsp.8496ce5d.tlog\metagen.write.1.tlog
c:\users\darren\source\repos\windowsperformancemonitor\windowsperformancemonitor.cpp.wrapper\debug\windowsp.8496ce5d.tlog\rc.command.1.tlog
c:\users\darren\source\repos\windowsperformancemonitor\windowsperformancemonitor.cpp.wrapper\debug\windowsp.8496ce5d.tlog\rc.read.1.tlog
c:\users\darren\source\repos\windowsperformancemonitor\windowsperformancemonitor.cpp.wrapper\debug\windowsp.8496ce5d.tlog\rc.write.1.tlog
c:\users\darren\source\repos\windowsperformancemonitor\windowsperformancemonitor.cpp.wrapper\debug\windowsp.8496ce5d.tlog\windowsperformancemonitor.cpp.wrapper.write.1u.tlog
